<?xml version="1.0" encoding="UTF-8"?>
<testng-results skipped="0" failed="0" ignored="0" total="1" passed="1">
  <reporter-output>
  </reporter-output>
  <suite name="Default suite" duration-ms="7530" started-at="2019-10-21T21:19:24Z" finished-at="2019-10-21T21:19:31Z">
    <groups>
      <group name="cucumber">
        <method signature="AbstractTestNGCucumberTests.feature(cucumber.api.testng.CucumberFeatureWrapper)[pri:0, instance:runner.CukesRunner@91161c7]" name="feature" class="cucumber.api.testng.AbstractTestNGCucumberTests"/>
      </group> <!-- cucumber -->
    </groups>
    <test name="Default test" duration-ms="7530" started-at="2019-10-21T21:19:24Z" finished-at="2019-10-21T21:19:31Z">
      <class name="runner.CukesRunner">
        <test-method status="PASS" signature="setUpClass()[pri:0, instance:runner.CukesRunner@91161c7]" name="setUpClass" is-config="true" duration-ms="247" started-at="2019-10-21T17:19:24Z" finished-at="2019-10-21T17:19:24Z">
          <reporter-output>
          </reporter-output>
        </test-method> <!-- setUpClass -->
        <test-method status="PASS" signature="feature(cucumber.api.testng.CucumberFeatureWrapper)[pri:0, instance:runner.CukesRunner@91161c7]" name="feature" duration-ms="7155" started-at="2019-10-21T17:19:24Z" description="Runs Cucumber Feature" data-provider="features" finished-at="2019-10-21T17:19:31Z">
          <params>
            <param index="0">
              <value>
                <![CDATA[Use of data table in scenario]]>
              </value>
            </param>
          </params>
          <reporter-output>
          </reporter-output>
        </test-method> <!-- feature -->
        <test-method status="PASS" signature="tearDownClass()[pri:0, instance:runner.CukesRunner@91161c7]" name="tearDownClass" is-config="true" duration-ms="28" started-at="2019-10-21T17:19:31Z" finished-at="2019-10-21T17:19:31Z">
          <reporter-output>
          </reporter-output>
        </test-method> <!-- tearDownClass -->
      </class> <!-- runner.CukesRunner -->
    </test> <!-- Default test -->
  </suite> <!-- Default suite -->
</testng-results>
